----------------------------------------------- 
  Element       SASA      Sigma Z        Total  
     Z         Ang**2 cal/Ang**2/mol   kcal/mol 
----------------------------------------------- 
      H        249.944      48.690      12.170
      C        124.166     129.740      16.109
      O         54.684       0.000       0.000
      Ga         0.006       0.000       0.000

 Subtotal:     428.800                  28.279
 -----------------------------------------------

  Elements    COT*SASA   Sigma Z,Z'     Total   
    Z,Z'       Ang**2  cal/Ang**2/mol kcal/mol  
 ---------------------------------------------- 
  H   C        167.572     -60.770     -10.183
  H   O          0.000       0.000       0.000
  C   C        123.115     -72.950      -8.981
  O   C         27.848      68.690       1.913
  O   O          0.000       0.000       0.000

 Subtotal:                             -17.252
 ---------------------------------------------- 

 NONAQUEOUS SOLVENT CONTRIBUTION (kcal/mol):
 (proportional to SASA, atomic number independent)
 ---------------------------------------------- 
 Subtotal:                               0.000
 ---------------------------------------------- 

 CDS TOTAL (kcal/mol):                  11.027
...............................................................................
